<?xml version="1.0" encoding="UTF-8"?>
<testsuites name="SampleAPITesting" time="7" tests="2" failures="0" errors="0">
   <testsuite name="SampleAPITesting" tests="2" failures="0" errors="0" time="7" timestamp="2018-12-26 11:39:46" hostname="vikky - Vikkyaradhya" id="Test Suites/SampleAPITesting">
      <properties>
         <property name="deviceName" value=""/>
         <property name="devicePlatform" value=""/>
         <property name="logFolder" value="C:\\Users\\vikky\\Katalon Studio\\API Demo Project\\Reports\\SampleAPITesting\\20181226_113943"/>
         <property name="logFiles" value="C:\\Users\\vikky\\Katalon Studio\\API Demo Project\\Reports\\SampleAPITesting\\20181226_113943\\execution0.log"/>
         <property name="attachments" value=""/>
         <property name="hostName" value="vikky - Vikkyaradhya"/>
         <property name="hostAddress" value="192.168.1.6"/>
         <property name="os" value="Windows 10 64bit"/>
         <property name="katalonVersion" value="5.9.1.2"/>
      </properties>
      <testcase name="Test Cases/CalculatorTests/Addition" classname="Test Cases/CalculatorTests/Addition" status="PASSED">
         <system-out><![CDATA[2018-12-26 11:39:46 - [TEST_CASE][PASSED] - Test Cases/CalculatorTests/Addition: Test Cases/CalculatorTests/Addition

2018-12-26 11:39:47 - [TEST_STEP][PASSED] - response = sendRequestAndVerify(findTestObject("CalculatorSoapServices/Addition")): Send request and verify the response successfully

2018-12-26 11:39:50 - [TEST_CASE][PASSED] - Start Test Case : Verification: Verification accomplished successfully

2018-12-26 11:39:51 - [TEST_STEP][PASSED] - request = getInstance().getCurrentRequest(): null

2018-12-26 11:39:51 - [TEST_STEP][PASSED] - response = getInstance().getCurrentResponse(): null

2018-12-26 11:39:51 - [TEST_STEP][PASSED] - getResponseText()).contains("AddResult"): null

2018-12-26 11:39:51 - [MESSAGE][PASSED] - Verify response successfully

2018-12-26 11:39:51 - [MESSAGE][PASSED] - Send request and verify the response successfully

2018-12-26 11:39:51 - [TEST_STEP][PASSED] - verifyResponseStatusCode(response, 200): Verify response status code successfully

2018-12-26 11:39:51 - [MESSAGE][PASSED] - Verify response status code successfully

2018-12-26 11:39:51 - [TEST_STEP][PASSED] - verifyElementPropertyValue(response, "AddResponse.AddResult", "9"): Verify element property value successfully

2018-12-26 11:39:51 - [MESSAGE][PASSED] - Verify element property value successfully]]></system-out>
         <system-err><![CDATA[]]></system-err>
      </testcase>
      <testcase name="Test Cases/UserRestTest/UserData" classname="Test Cases/UserRestTest/UserData" status="PASSED">
         <system-out><![CDATA[2018-12-26 11:39:51 - [TEST_CASE][PASSED] - Test Cases/UserRestTest/UserData: Test Cases/UserRestTest/UserData

2018-12-26 11:39:52 - [TEST_STEP][PASSED] - response = sendRequestAndVerify(findTestObject("UserRestService/ListUsers")): Send request and verify the response successfully

2018-12-26 11:39:53 - [TEST_CASE][PASSED] - Start Test Case : Verification: Verification accomplished successfully

2018-12-26 11:39:53 - [TEST_STEP][PASSED] - request = getInstance().getCurrentRequest(): null

2018-12-26 11:39:53 - [TEST_STEP][PASSED] - response = getInstance().getCurrentResponse(): null

2018-12-26 11:39:53 - [MESSAGE][PASSED] - Verify response successfully

2018-12-26 11:39:53 - [MESSAGE][PASSED] - Send request and verify the response successfully

2018-12-26 11:39:53 - [TEST_STEP][PASSED] - verifyResponseStatusCode(response, 200): Verify response status code successfully

2018-12-26 11:39:53 - [MESSAGE][PASSED] - Verify response status code successfully

2018-12-26 11:39:53 - [TEST_STEP][PASSED] - verifyElementPropertyValue(response, "data[2].first_name", "Tracey"): Verify element property value successfully

2018-12-26 11:39:53 - [MESSAGE][PASSED] - Verify element property value successfully]]></system-out>
         <system-err><![CDATA[]]></system-err>
      </testcase>
      <system-out><![CDATA[2018-12-26 11:39:46 - [TEST_SUITE][PASSED] - SampleAPITesting: Test Cases/UserRestTest/UserData]]></system-out>
      <system-err><![CDATA[]]></system-err>
   </testsuite>
</testsuites>
